This is XeTeX, Version 3.14159265-2.6-0.99992 (TeX Live 2015/W32TeX) (preloaded format=xelatex 2015.9.15)  22 APR 2016 16:22
entering extended mode
 restricted \write18 enabled.
 %&-line parsing enabled.
**./sigproc-sp.tex
(./sigproc-sp.tex
LaTeX2e <2015/01/01> patch level 2
Babel <3.9m> and hyphenation patterns for 79 languages loaded.
(./acm_proc_article-sp-copy.cls
(c:/texlive/2015/texmf-dist/tex/latex/graphics/epsfig.sty
Package: epsfig 1999/02/16 v1.7a (e)psfig emulation (SPQR)

(c:/texlive/2015/texmf-dist/tex/latex/graphics/graphicx.sty
Package: graphicx 2014/10/28 v1.0g Enhanced LaTeX Graphics (DPC,SPQR)

(c:/texlive/2015/texmf-dist/tex/latex/graphics/keyval.sty
Package: keyval 2014/10/28 v1.15 key=value parser (DPC)
\KV@toks@=\toks14
)
(c:/texlive/2015/texmf-dist/tex/latex/graphics/graphics.sty
Package: graphics 2014/10/28 v1.0p Standard LaTeX Graphics (DPC,SPQR)

(c:/texlive/2015/texmf-dist/tex/latex/graphics/trig.sty
Package: trig 1999/03/16 v1.09 sin cos tan (DPC)
)
(c:/texlive/2015/texmf-dist/tex/latex/latexconfig/graphics.cfg
File: graphics.cfg 2010/04/23 v1.9 graphics configuration of TeX Live
)
Package graphics Info: Driver file: xetex.def on input line 94.

(c:/texlive/2015/texmf-dist/tex/xelatex/xetex-def/xetex.def
File: xetex.def 2015/03/25 v4.04 LaTeX color/graphics driver for XeTeX (TeX Liv
e/RRM/JK)
))
\Gin@req@height=\dimen102
\Gin@req@width=\dimen103
)
\epsfxsize=\dimen104
\epsfysize=\dimen105
)
(c:/texlive/2015/texmf-dist/tex/latex/amsfonts/amssymb.sty
Package: amssymb 2013/01/14 v3.01 AMS font symbols

(c:/texlive/2015/texmf-dist/tex/latex/amsfonts/amsfonts.sty
Package: amsfonts 2013/01/14 v3.01 Basic AMSFonts support
\@emptytoks=\toks15
\symAMSa=\mathgroup4
\symAMSb=\mathgroup5
LaTeX Font Info:    Overwriting math alphabet `\mathfrak' in version `bold'
(Font)                  U/euf/m/n --> U/euf/b/n on input line 106.
))
(c:/texlive/2015/texmf-dist/tex/latex/amsmath/amsmath.sty
Package: amsmath 2013/01/14 v2.14 AMS math features
\@mathmargin=\skip41

For additional information on amsmath, use the `?' option.
(c:/texlive/2015/texmf-dist/tex/latex/amsmath/amstext.sty
Package: amstext 2000/06/29 v2.01

(c:/texlive/2015/texmf-dist/tex/latex/amsmath/amsgen.sty
File: amsgen.sty 1999/11/30 v2.0
\@emptytoks=\toks16
\ex@=\dimen106
))
(c:/texlive/2015/texmf-dist/tex/latex/amsmath/amsbsy.sty
Package: amsbsy 1999/11/29 v1.2d
\pmbraise@=\dimen107
)
(c:/texlive/2015/texmf-dist/tex/latex/amsmath/amsopn.sty
Package: amsopn 1999/12/14 v2.01 operator names
)
\inf@bad=\count79
LaTeX Info: Redefining \frac on input line 210.
\uproot@=\count80
\leftroot@=\count81
LaTeX Info: Redefining \overline on input line 306.
\classnum@=\count82
\DOTSCASE@=\count83
LaTeX Info: Redefining \ldots on input line 378.
LaTeX Info: Redefining \dots on input line 381.
LaTeX Info: Redefining \cdots on input line 466.
\Mathstrutbox@=\box26
\strutbox@=\box27
\big@size=\dimen108
LaTeX Font Info:    Redeclaring font encoding OML on input line 566.
LaTeX Font Info:    Redeclaring font encoding OMS on input line 567.
\macc@depth=\count84
\c@MaxMatrixCols=\count85
\dotsspace@=\muskip10
\c@parentequation=\count86
\dspbrk@lvl=\count87
\tag@help=\toks17
\row@=\count88
\column@=\count89
\maxfields@=\count90
\andhelp@=\toks18
\eqnshift@=\dimen109
\alignsep@=\dimen110
\tagshift@=\dimen111
\tagwidth@=\dimen112
\totwidth@=\dimen113
\lineht@=\dimen114
\@envbody=\toks19
\multlinegap=\skip42
\multlinetaggap=\skip43
\mathdisplay@stack=\toks20
LaTeX Info: Redefining \[ on input line 2665.
LaTeX Info: Redefining \] on input line 2666.
)
Document Class 'acm_proc_article-sp' <22nd. April '09>. Modified by G.K.M. Tobi
n
Based in part upon document Style `acmconf' <22 May 89>. Hacked 4/91 by
shivers@cs.cmu.edu, 4/93 by theobald@cs.mcgill.ca
Excerpts were taken from (Journal Style) 'esub2acm.cls'.
****** Bugs/comments/suggestions to Gerry Murray -- murray@hq.acm.org ******
\footheight=\dimen115
\@maxsep=\dimen116
\@dblmaxsep=\dimen117
\aucount=\count91
\originalaucount=\count92
\auwidth=\dimen118
\auskip=\dimen119
\auskipcount=\count93
\auskip=\dimen120
\allauboxes=\dimen121
\addauthors=\toks21
\addauflag=\count94
\subtitletext=\toks22
\savesection=\count95
\sectioncntr=\count96
\c@figure=\count97
\c@table=\count98
\titleboxnotes=\toks23
\titleboxnoteflag=\count99

LaTeX Warning: You have requested document class `acm_proc_article-sp-copy',
               but the document class provides `acm_proc_article-sp'.

Document Class: acm_proc_article-sp 2009/04/22 - V3.2SP - based on esub2acm.sty
 <23 April 96>
(c:/texlive/2015/texmf-dist/tex/latex/base/latexsym.sty
Package: latexsym 1998/08/17 v2.2e Standard LaTeX package (lasy symbols)
\symlasy=\mathgroup6
LaTeX Font Info:    Overwriting symbol font `lasy' in version `bold'
(Font)                  U/lasy/m/n --> U/lasy/b/n on input line 52.
)
\@acmtitlebox=\box28
\titlenotecount=\count100
\tntoks=\toks24
\tntokstwo=\toks25
\tntoksthree=\toks26
\tntoksfour=\toks27
\tntoksfive=\toks28
\catcount=\count101
\copyrightnotice=\toks29
\conf=\toks30
\confinfo=\toks31
\c@part=\count102
\c@section=\count103
\c@subsection=\count104
\c@subsubsection=\count105
\c@paragraph=\count106

Using 'Abbrev' bibliography style
LaTeX Info: Redefining \cite on input line 1237.
\bibindent=\dimen122
\colcntr=\count107
\saveb@x=\box29
\copyrtyr=\toks32
\acmcopyr=\toks33
\boilerplate=\toks34
\copyrightetc=\toks35
(c:/texlive/2015/texmf-dist/tex/latex/base/fontenc.sty
Package: fontenc 2005/09/27 v1.99g Standard LaTeX package

(c:/texlive/2015/texmf-dist/tex/latex/base/t1enc.def
File: t1enc.def 2005/09/27 v1.99g Standard LaTeX file
LaTeX Font Info:    Redeclaring font encoding T1 on input line 48.
)
LaTeX Font Info:    Try loading font information for T1+aer on input line 105.

(c:/texlive/2015/texmf-dist/tex/latex/ae/t1aer.fd
File: t1aer.fd 1997/11/16 Font definitions for T1/aer.
))) (./sigproc-sp.aux

LaTeX Warning: Label `cnn' multiply defined.

)
\openout1 = `sigproc-sp.aux'.

LaTeX Font Info:    Checking defaults for OML/cmm/m/it on input line 32.
LaTeX Font Info:    ... okay on input line 32.
LaTeX Font Info:    Checking defaults for T1/cmr/m/n on input line 32.
LaTeX Font Info:    ... okay on input line 32.
LaTeX Font Info:    Checking defaults for OT1/cmr/m/n on input line 32.
LaTeX Font Info:    ... okay on input line 32.
LaTeX Font Info:    Checking defaults for OMS/cmsy/m/n on input line 32.
LaTeX Font Info:    ... okay on input line 32.
LaTeX Font Info:    Checking defaults for OMX/cmex/m/n on input line 32.
LaTeX Font Info:    ... okay on input line 32.
LaTeX Font Info:    Checking defaults for U/cmr/m/n on input line 32.
LaTeX Font Info:    ... okay on input line 32.
LaTeX Font Info:    Try loading font information for U+msa on input line 76.
 (c:/texlive/2015/texmf-dist/tex/latex/amsfonts/umsa.fd
File: umsa.fd 2013/01/14 v3.01 AMS symbols A
)
LaTeX Font Info:    Try loading font information for U+msb on input line 76.

(c:/texlive/2015/texmf-dist/tex/latex/amsfonts/umsb.fd
File: umsb.fd 2013/01/14 v3.01 AMS symbols B
)
LaTeX Font Info:    Try loading font information for U+lasy on input line 76.

(c:/texlive/2015/texmf-dist/tex/latex/base/ulasy.fd
File: ulasy.fd 1998/08/17 v2.2e LaTeX symbol font definitions
)

LaTeX Warning: No \author given.


Underfull \vbox (badness 10000) has occurred while \output is active []

 [1


]
File: ./figure/tf.jpg Graphic file (type QTm)

<use  "./figure/tf.jpg" > [2]
File: ./figure/OpenCL-HLS.jpg Graphic file (type QTm)
 <use  "./figure/OpenCL-HLS.jpg" >
Overfull \hbox (25.12096pt too wide) in paragraph at lines 152--153
\OML/cmm/m/it/9 Symbolic Compiler$\T1/aer/m/n/9 , $\OML/cmm/m/it/9 Host Dispatc
her$\T1/aer/m/n/9 , and $\OML/cmm/m/it/9 Hardware Generator$\T1/aer/m/n/9 .
 []


Overfull \hbox (6.30057pt too wide) in paragraph at lines 152--153
\T1/aer/m/n/9 implementation-related pa-ram-e-ters for $\OML/cmm/m/it/9 Hardwar
e Generator$\T1/aer/m/n/9 .
 []


Overfull \hbox (34.52362pt too wide) in paragraph at lines 152--153
\T1/aer/m/n/9 dis-patch hard-ware ker-nels for model in-fer-ence. $\OML/cmm/m/i
t/9 Hardware Generator$
 []


Overfull \hbox (48.90468pt too wide) in paragraph at lines 152--153
\T1/aer/m/n/9 the pa-ram-e-ters re-ceived from $\OML/cmm/m/it/9 Symbolic Compil
er$\T1/aer/m/n/9 , $\OML/cmm/m/it/9 Hardware Generator$
 []

File: ./figure/z/framework.png Graphic file (type QTm)
<use  "./figure/z/framework.png" >

LaTeX Warning: Reference `sc' on page \thepage  undefined on input line 164.


LaTeX Warning: Reference `sc' on page \thepage  undefined on input line 164.


LaTeX Warning: Reference `sc' on page \thepage  undefined on input line 164.


Overfull \hbox (40.3549pt too wide) in paragraph at lines 164--165
[]\T1/aer/m/n/9 Figure [] shows an ex-am-ple of the work-ing flow of $\OML/cmm/
m/it/9 Symbolic Compiler$\T1/aer/m/n/9 .
 []

Missing character: There is no ﬀ in font aer9!
File: ./figure/z/compileflow.png Graphic file (type QTm)
<use  "./figure/z/compileflow.png" > [3]
File: figure/z/tile.png Graphic file (type QTm)
 <use  "figure/z/tile.png" >

LaTeX Warning: `h' float specifier changed to `ht'.


LaTeX Warning: Reference `perf' on page \thepage  undefined on input line 220.


Overfull \hbox (8.98903pt too wide) in paragraph at lines 219--221
[]\T1/aer/m/n/9 Figure 6[] shows a gen-eral struc-ture $\OML/cmm/m/it/9 Data[]n
$\T1/aer/m/n/9 , $\OML/cmm/m/it/9 MM$\T1/aer/m/n/9 , and $\OML/cmm/m/it/9 Data[
]ut$\T1/aer/m/n/9 .
 []


Underfull \hbox (badness 10000) in paragraph at lines 222--223

 []

File: ./figure/z/mm.png Graphic file (type QTm)
<use  "./figure/z/mm.png" > [4]
Overfull \hbox (12.86293pt too wide) in paragraph at lines 236--238
\T1/aer/m/n/9 Note in the ping-pong man-ner, we re-quire $\OML/cmm/m/it/9 timeI
O < timeComp$
 []


Overfull \hbox (8.88193pt too wide) in paragraph at lines 245--246
\T1/aer/m/n/9 rithms for in-te-ger pro-gram-ming prob-lems. $\OML/cmm/m/it/9 Sy
mbolic Compiler$
 []

File: ./figure/z/cnn.png Graphic file (type QTm)
<use  "./figure/z/cnn.png" > [5]
File: ./figure/z/layout.png Graphic file (type QTm)
 <use  "./figure/z/layout.png" >
Overfull \hbox (5.53119pt too wide) in paragraph at lines 299--300
\T1/aer/m/n/9 In re-cent years, Long Short-Term Mem-ory (LSTM) has gained
 []


Underfull \vbox (badness 10000) has occurred while \output is active []



LaTeX Warning: Reference `lstmbatch' on page \thepage  undefined on input line 
336.

File: figure/z/lstmvec.png Graphic file (type QTm)
<use  "figure/z/lstmvec.png" >

LaTeX Warning: `h' float specifier changed to `ht'.

[6]
Overfull \hbox (2.29333pt too wide) in paragraph at lines 393--394
[]\T1/aer/m/n/9 To il-lus-trate the ef-fec-tive-ness and great per-for-mance ac
hieved
 []

[7]

LaTeX Warning: Reference `performance' on page \thepage  undefined on input lin
e 406.


LaTeX Warning: Reference `performance' on page \thepage  undefined on input lin
e 406.


Overfull \hbox (8.2877pt too wide) in paragraph at lines 415--417
\T1/aer/m/n/9 ``$\OMS/cmsy/m/n/9 ^^@\OML/cmm/m/it/9 fixed[]point$\T1/aer/m/n/9 
'' com-pi-la-tion op-tion to our $\OML/cmm/m/it/9 Symbolic Compiler$\T1/aer/m/n
/9 .
 []


LaTeX Warning: `h' float specifier changed to `ht'.

File: ./figure/blank.jpg Graphic file (type QTm)
<use  "./figure/blank.jpg" >
Overfull \hbox (2.67204pt too wide) in paragraph at lines 452--453
[]\T1/aer/m/n/9 The ac-cu-racy of the es-ti-ma-tion mod-els in $\OML/cmm/m/it/9
 Symbolic Compiler$
 []

File: ./figure/blank.jpg Graphic file (type QTm)
<use  "./figure/blank.jpg" >
Overfull \hbox (6.88338pt too wide) in paragraph at lines 464--465
\T1/aer/m/n/9 mi-grates Ten-sor-Flow de-scribed deep learn-ing mod-els to FPGA
 []


Overfull \hbox (7.57603pt too wide) in paragraph at lines 464--465
\T1/aer/m/n/9 sev-eral per-for-mance mod-els and re-source es-ti-ma-tions to ch
oose
 []

[8] (./sigproc-sp.bbl) [9] (./sigproc-sp.aux)

LaTeX Warning: There were undefined references.


LaTeX Warning: There were multiply-defined labels.

 ) 
Here is how much of TeX's memory you used:
 1935 strings out of 493708
 21318 string characters out of 6149019
 84362 words of memory out of 5000000
 5254 multiletter control sequences out of 15000+600000
 42809 words of font info for 53 fonts, out of 8000000 for 9000
 1328 hyphenation exceptions out of 8191
 39i,8n,28p,1784b,219s stack positions out of 5000i,500n,10000p,200000b,80000s

Output written on sigproc-sp.pdf (9 pages).
